
21-08-2022 10:22:56 [kveljkovic.wppsbootcamp.com][info] Parent plugin start installation!
21-08-2022 10:22:56 [kveljkovic.wppsbootcamp.com][info] Plugin installation: try create plugin tables.
																	-DB Version: 0
																	-Plugin Version in DB: 0
																	-Current Plugin Version: 1.5.6
21-08-2022 10:22:56 [kveljkovic.wppsbootcamp.com][info] Parent plugin installation complete!
-------------------------------
21-08-2022 10:23:09 [kveljkovic.wppsbootcamp.com][info] Try to create backup directory. Backup dir: (/home/kveljkovic/public_html/portfolio/wp-content/uploads/wio_backup)
-------------------------------
21-08-2022 10:23:29 [kveljkovic.wppsbootcamp.com][info] Start bulk optimization process! Scope: media-library
21-08-2022 10:23:29 [kveljkovic.wppsbootcamp.com][info] Try to create backup directory. Backup dir: (/home/kveljkovic/public_html/portfolio/wp-content/uploads/wio_backup/2022/08)
21-08-2022 10:23:29 [kveljkovic.wppsbootcamp.com][info] Preparing to upload a file (/home/kveljkovic/public_html/portfolio/wp-content/uploads/2022/08/digitel-scaled.jpg) to a remote server (server_1).
21-08-2022 10:23:30 [kveljkovic.wppsbootcamp.com][info] File successfully uploaded to remote server (server_1).
21-08-2022 10:23:30 [kveljkovic.wppsbootcamp.com][info] Preparing to upload a file (/home/kveljkovic/public_html/portfolio/wp-content/uploads/2022/08/digitel-150x150.jpg) to a remote server (server_1).
21-08-2022 10:23:30 [kveljkovic.wppsbootcamp.com][info] File successfully uploaded to remote server (server_1).
21-08-2022 10:23:30 [kveljkovic.wppsbootcamp.com][info] Preparing to upload a file (/home/kveljkovic/public_html/portfolio/wp-content/uploads/2022/08/digitel-300x225.jpg) to a remote server (server_1).
21-08-2022 10:23:30 [kveljkovic.wppsbootcamp.com][info] File successfully uploaded to remote server (server_1).
21-08-2022 10:23:30 [kveljkovic.wppsbootcamp.com][debug] New queue created #1, attributes values: {&quot;server_id&quot;:null,&quot;object_id&quot;:&quot;11&quot;,&quot;object_name&quot;:&quot;&quot;,&quot;item_type&quot;:&quot;attachment&quot;,&quot;item_hash&quot;:null,&quot;item_hash_alternative&quot;:null,&quot;result_status&quot;:&quot;success&quot;,&quot;processing_level&quot;:&quot;normal&quot;,&quot;is_backed_up&quot;:true,&quot;original_size&quot;:926257,&quot;final_size&quot;:299213,&quot;original_mime_type&quot;:&quot;image\/jpeg&quot;,&quot;final_mime_type&quot;:&quot;image\/jpeg&quot;,&quot;extra_data&quot;:&quot;{\&quot;thumbnails_count\&quot;:2,\&quot;original_main_size\&quot;:905135,\&quot;class\&quot;:\&quot;RIO_Attachment_Extra_Data\&quot;}&quot;,&quot;created_at&quot;:1661077410}
21-08-2022 10:23:30 [kveljkovic.wppsbootcamp.com][info] End bulk optimization process! Scope: media-library. Remain: 20
-------------------------------
21-08-2022 10:23:30 [kveljkovic.wppsbootcamp.com][info] Start bulk optimization process! Scope: media-library
21-08-2022 10:23:31 [kveljkovic.wppsbootcamp.com][info] Preparing to upload a file (/home/kveljkovic/public_html/portfolio/wp-content/uploads/2022/08/trpkovic-scaled.jpg) to a remote server (server_1).
21-08-2022 10:23:31 [kveljkovic.wppsbootcamp.com][info] File successfully uploaded to remote server (server_1).
21-08-2022 10:23:31 [kveljkovic.wppsbootcamp.com][info] Preparing to upload a file (/home/kveljkovic/public_html/portfolio/wp-content/uploads/2022/08/trpkovic-150x150.jpg) to a remote server (server_1).
21-08-2022 10:23:31 [kveljkovic.wppsbootcamp.com][info] File successfully uploaded to remote server (server_1).
21-08-2022 10:23:31 [kveljkovic.wppsbootcamp.com][info] Preparing to upload a file (/home/kveljkovic/public_html/portfolio/wp-content/uploads/2022/08/trpkovic-300x225.jpg) to a remote server (server_1).
21-08-2022 10:23:32 [kveljkovic.wppsbootcamp.com][info] File successfully uploaded to remote server (server_1).
21-08-2022 10:23:32 [kveljkovic.wppsbootcamp.com][debug] New queue created #2, attributes values: {&quot;server_id&quot;:null,&quot;object_id&quot;:&quot;12&quot;,&quot;object_name&quot;:&quot;&quot;,&quot;item_type&quot;:&quot;attachment&quot;,&quot;item_hash&quot;:null,&quot;item_hash_alternative&quot;:null,&quot;result_status&quot;:&quot;success&quot;,&quot;processing_level&quot;:&quot;normal&quot;,&quot;is_backed_up&quot;:true,&quot;original_size&quot;:660986,&quot;final_size&quot;:285267,&quot;original_mime_type&quot;:&quot;image\/jpeg&quot;,&quot;final_mime_type&quot;:&quot;image\/jpeg&quot;,&quot;extra_data&quot;:&quot;{\&quot;thumbnails_count\&quot;:2,\&quot;original_main_size\&quot;:637163,\&quot;class\&quot;:\&quot;RIO_Attachment_Extra_Data\&quot;}&quot;,&quot;created_at&quot;:1661077412}
21-08-2022 10:23:32 [kveljkovic.wppsbootcamp.com][info] End bulk optimization process! Scope: media-library. Remain: 19
-------------------------------
21-08-2022 10:23:32 [kveljkovic.wppsbootcamp.com][info] Start bulk optimization process! Scope: media-library
21-08-2022 10:23:32 [kveljkovic.wppsbootcamp.com][info] Preparing to upload a file (/home/kveljkovic/public_html/portfolio/wp-content/uploads/2022/08/Катарина-профилна.jpg) to a remote server (server_1).
21-08-2022 10:23:32 [kveljkovic.wppsbootcamp.com][info] File successfully uploaded to remote server (server_1).
21-08-2022 10:23:32 [kveljkovic.wppsbootcamp.com][info] Preparing to upload a file (/home/kveljkovic/public_html/portfolio/wp-content/uploads/2022/08/Катарина-профилна-150x150.jpg) to a remote server (server_1).
21-08-2022 10:23:32 [kveljkovic.wppsbootcamp.com][info] Preparing to upload a file (/home/kveljkovic/public_html/portfolio/wp-content/uploads/2022/08/Катарина-профилна-300x300.jpg) to a remote server (server_1).
21-08-2022 10:23:32 [kveljkovic.wppsbootcamp.com][info] File successfully uploaded to remote server (server_1).
21-08-2022 10:23:32 [kveljkovic.wppsbootcamp.com][debug] New queue created #3, attributes values: {&quot;server_id&quot;:null,&quot;object_id&quot;:&quot;35&quot;,&quot;object_name&quot;:&quot;&quot;,&quot;item_type&quot;:&quot;attachment&quot;,&quot;item_hash&quot;:null,&quot;item_hash_alternative&quot;:null,&quot;result_status&quot;:&quot;success&quot;,&quot;processing_level&quot;:&quot;normal&quot;,&quot;is_backed_up&quot;:true,&quot;original_size&quot;:145655,&quot;final_size&quot;:64630,&quot;original_mime_type&quot;:&quot;image\/jpeg&quot;,&quot;final_mime_type&quot;:&quot;image\/jpeg&quot;,&quot;extra_data&quot;:&quot;{\&quot;thumbnails_count\&quot;:1,\&quot;original_main_size\&quot;:133086,\&quot;class\&quot;:\&quot;RIO_Attachment_Extra_Data\&quot;}&quot;,&quot;created_at&quot;:1661077412}
21-08-2022 10:23:32 [kveljkovic.wppsbootcamp.com][info] End bulk optimization process! Scope: media-library. Remain: 18
-------------------------------
21-08-2022 10:23:32 [kveljkovic.wppsbootcamp.com][info] Start bulk optimization process! Scope: media-library
21-08-2022 10:23:33 [kveljkovic.wppsbootcamp.com][info] Preparing to upload a file (/home/kveljkovic/public_html/portfolio/wp-content/uploads/2022/08/It-Bootcamp-CV-JPG-scaled.jpg) to a remote server (server_1).
21-08-2022 10:23:33 [kveljkovic.wppsbootcamp.com][info] File successfully uploaded to remote server (server_1).
21-08-2022 10:23:33 [kveljkovic.wppsbootcamp.com][info] Preparing to upload a file (/home/kveljkovic/public_html/portfolio/wp-content/uploads/2022/08/It-Bootcamp-CV-JPG-150x150.jpg) to a remote server (server_1).
21-08-2022 10:23:33 [kveljkovic.wppsbootcamp.com][info] File successfully uploaded to remote server (server_1).
21-08-2022 10:23:33 [kveljkovic.wppsbootcamp.com][info] Preparing to upload a file (/home/kveljkovic/public_html/portfolio/wp-content/uploads/2022/08/It-Bootcamp-CV-JPG-212x300.jpg) to a remote server (server_1).
21-08-2022 10:23:33 [kveljkovic.wppsbootcamp.com][info] File successfully uploaded to remote server (server_1).
21-08-2022 10:23:33 [kveljkovic.wppsbootcamp.com][debug] New queue created #4, attributes values: {&quot;server_id&quot;:null,&quot;object_id&quot;:&quot;104&quot;,&quot;object_name&quot;:&quot;&quot;,&quot;item_type&quot;:&quot;attachment&quot;,&quot;item_hash&quot;:null,&quot;item_hash_alternative&quot;:null,&quot;result_status&quot;:&quot;success&quot;,&quot;processing_level&quot;:&quot;normal&quot;,&quot;is_backed_up&quot;:true,&quot;original_size&quot;:272354,&quot;final_size&quot;:183542,&quot;original_mime_type&quot;:&quot;image\/jpeg&quot;,&quot;final_mime_type&quot;:&quot;image\/jpeg&quot;,&quot;extra_data&quot;:&quot;{\&quot;thumbnails_count\&quot;:2,\&quot;original_main_size\&quot;:255875,\&quot;class\&quot;:\&quot;RIO_Attachment_Extra_Data\&quot;}&quot;,&quot;created_at&quot;:1661077413}
21-08-2022 10:23:33 [kveljkovic.wppsbootcamp.com][info] End bulk optimization process! Scope: media-library. Remain: 17
-------------------------------
21-08-2022 10:23:33 [kveljkovic.wppsbootcamp.com][info] Start bulk optimization process! Scope: media-library
21-08-2022 10:23:34 [kveljkovic.wppsbootcamp.com][info] Preparing to upload a file (/home/kveljkovic/public_html/portfolio/wp-content/uploads/2022/08/diana-serbichenko-HBK9xYI80JE-unsplash-scaled.jpg) to a remote server (server_1).
21-08-2022 10:23:34 [kveljkovic.wppsbootcamp.com][info] File successfully uploaded to remote server (server_1).
21-08-2022 10:23:34 [kveljkovic.wppsbootcamp.com][info] Preparing to upload a file (/home/kveljkovic/public_html/portfolio/wp-content/uploads/2022/08/diana-serbichenko-HBK9xYI80JE-unsplash-150x150.jpg) to a remote server (server_1).
21-08-2022 10:23:35 [kveljkovic.wppsbootcamp.com][info] File successfully uploaded to remote server (server_1).
21-08-2022 10:23:35 [kveljkovic.wppsbootcamp.com][info] Preparing to upload a file (/home/kveljkovic/public_html/portfolio/wp-content/uploads/2022/08/diana-serbichenko-HBK9xYI80JE-unsplash-200x300.jpg) to a remote server (server_1).
21-08-2022 10:23:35 [kveljkovic.wppsbootcamp.com][info] File successfully uploaded to remote server (server_1).
21-08-2022 10:23:35 [kveljkovic.wppsbootcamp.com][debug] New queue created #5, attributes values: {&quot;server_id&quot;:null,&quot;object_id&quot;:&quot;115&quot;,&quot;object_name&quot;:&quot;&quot;,&quot;item_type&quot;:&quot;attachment&quot;,&quot;item_hash&quot;:null,&quot;item_hash_alternative&quot;:null,&quot;result_status&quot;:&quot;success&quot;,&quot;processing_level&quot;:&quot;normal&quot;,&quot;is_backed_up&quot;:true,&quot;original_size&quot;:756537,&quot;final_size&quot;:271530,&quot;original_mime_type&quot;:&quot;image\/jpeg&quot;,&quot;final_mime_type&quot;:&quot;image\/jpeg&quot;,&quot;extra_data&quot;:&quot;{\&quot;thumbnails_count\&quot;:2,\&quot;original_main_size\&quot;:733524,\&quot;class\&quot;:\&quot;RIO_Attachment_Extra_Data\&quot;}&quot;,&quot;created_at&quot;:1661077415}
21-08-2022 10:23:35 [kveljkovic.wppsbootcamp.com][info] End bulk optimization process! Scope: media-library. Remain: 16
-------------------------------
21-08-2022 10:23:35 [kveljkovic.wppsbootcamp.com][info] Start bulk optimization process! Scope: media-library
21-08-2022 10:23:35 [kveljkovic.wppsbootcamp.com][info] Preparing to upload a file (/home/kveljkovic/public_html/portfolio/wp-content/uploads/2022/08/jade-destiny-N_5yjJ2Nq2E-unsplash-scaled.jpg) to a remote server (server_1).
21-08-2022 10:23:36 [kveljkovic.wppsbootcamp.com][info] File successfully uploaded to remote server (server_1).
21-08-2022 10:23:36 [kveljkovic.wppsbootcamp.com][info] Preparing to upload a file (/home/kveljkovic/public_html/portfolio/wp-content/uploads/2022/08/jade-destiny-N_5yjJ2Nq2E-unsplash-150x150.jpg) to a remote server (server_1).
21-08-2022 10:23:36 [kveljkovic.wppsbootcamp.com][info] File successfully uploaded to remote server (server_1).
21-08-2022 10:23:36 [kveljkovic.wppsbootcamp.com][info] Preparing to upload a file (/home/kveljkovic/public_html/portfolio/wp-content/uploads/2022/08/jade-destiny-N_5yjJ2Nq2E-unsplash-200x300.jpg) to a remote server (server_1).
21-08-2022 10:23:36 [kveljkovic.wppsbootcamp.com][info] File successfully uploaded to remote server (server_1).
21-08-2022 10:23:36 [kveljkovic.wppsbootcamp.com][debug] New queue created #6, attributes values: {&quot;server_id&quot;:null,&quot;object_id&quot;:&quot;116&quot;,&quot;object_name&quot;:&quot;&quot;,&quot;item_type&quot;:&quot;attachment&quot;,&quot;item_hash&quot;:null,&quot;item_hash_alternative&quot;:null,&quot;result_status&quot;:&quot;success&quot;,&quot;processing_level&quot;:&quot;normal&quot;,&quot;is_backed_up&quot;:true,&quot;original_size&quot;:286128,&quot;final_size&quot;:120310,&quot;original_mime_type&quot;:&quot;image\/jpeg&quot;,&quot;final_mime_type&quot;:&quot;image\/jpeg&quot;,&quot;extra_data&quot;:&quot;{\&quot;thumbnails_count\&quot;:2,\&quot;original_main_size\&quot;:275249,\&quot;class\&quot;:\&quot;RIO_Attachment_Extra_Data\&quot;}&quot;,&quot;created_at&quot;:1661077416}
21-08-2022 10:23:36 [kveljkovic.wppsbootcamp.com][info] End bulk optimization process! Scope: media-library. Remain: 15
-------------------------------
21-08-2022 10:23:36 [kveljkovic.wppsbootcamp.com][info] Start bulk optimization process! Scope: media-library
21-08-2022 10:23:36 [kveljkovic.wppsbootcamp.com][info] Preparing to upload a file (/home/kveljkovic/public_html/portfolio/wp-content/uploads/2022/08/jonathan-kemper-OEpC6UQrWQU-unsplash-scaled.jpg) to a remote server (server_1).
21-08-2022 10:23:37 [kveljkovic.wppsbootcamp.com][info] File successfully uploaded to remote server (server_1).
21-08-2022 10:23:37 [kveljkovic.wppsbootcamp.com][info] Preparing to upload a file (/home/kveljkovic/public_html/portfolio/wp-content/uploads/2022/08/jonathan-kemper-OEpC6UQrWQU-unsplash-150x150.jpg) to a remote server (server_1).
21-08-2022 10:23:37 [kveljkovic.wppsbootcamp.com][info] Preparing to upload a file (/home/kveljkovic/public_html/portfolio/wp-content/uploads/2022/08/jonathan-kemper-OEpC6UQrWQU-unsplash-300x207.jpg) to a remote server (server_1).
21-08-2022 10:23:37 [kveljkovic.wppsbootcamp.com][info] File successfully uploaded to remote server (server_1).
21-08-2022 10:23:37 [kveljkovic.wppsbootcamp.com][debug] New queue created #7, attributes values: {&quot;server_id&quot;:null,&quot;object_id&quot;:&quot;117&quot;,&quot;object_name&quot;:&quot;&quot;,&quot;item_type&quot;:&quot;attachment&quot;,&quot;item_hash&quot;:null,&quot;item_hash_alternative&quot;:null,&quot;result_status&quot;:&quot;success&quot;,&quot;processing_level&quot;:&quot;normal&quot;,&quot;is_backed_up&quot;:true,&quot;original_size&quot;:176977,&quot;final_size&quot;:87228,&quot;original_mime_type&quot;:&quot;image\/jpeg&quot;,&quot;final_mime_type&quot;:&quot;image\/jpeg&quot;,&quot;extra_data&quot;:&quot;{\&quot;thumbnails_count\&quot;:1,\&quot;original_main_size\&quot;:169794,\&quot;class\&quot;:\&quot;RIO_Attachment_Extra_Data\&quot;}&quot;,&quot;created_at&quot;:1661077417}
21-08-2022 10:23:37 [kveljkovic.wppsbootcamp.com][info] End bulk optimization process! Scope: media-library. Remain: 14
-------------------------------
21-08-2022 10:23:37 [kveljkovic.wppsbootcamp.com][info] Start bulk optimization process! Scope: media-library
21-08-2022 10:23:37 [kveljkovic.wppsbootcamp.com][info] Preparing to upload a file (/home/kveljkovic/public_html/portfolio/wp-content/uploads/2022/08/suzanne-d-williams-VMKBFR6r_jg-unsplash-scaled.jpg) to a remote server (server_1).
21-08-2022 10:23:37 [kveljkovic.wppsbootcamp.com][info] File successfully uploaded to remote server (server_1).
21-08-2022 10:23:38 [kveljkovic.wppsbootcamp.com][info] Preparing to upload a file (/home/kveljkovic/public_html/portfolio/wp-content/uploads/2022/08/suzanne-d-williams-VMKBFR6r_jg-unsplash-150x150.jpg) to a remote server (server_1).
21-08-2022 10:23:38 [kveljkovic.wppsbootcamp.com][info] File successfully uploaded to remote server (server_1).
21-08-2022 10:23:38 [kveljkovic.wppsbootcamp.com][info] Preparing to upload a file (/home/kveljkovic/public_html/portfolio/wp-content/uploads/2022/08/suzanne-d-williams-VMKBFR6r_jg-unsplash-300x199.jpg) to a remote server (server_1).
21-08-2022 10:23:38 [kveljkovic.wppsbootcamp.com][info] File successfully uploaded to remote server (server_1).
21-08-2022 10:23:38 [kveljkovic.wppsbootcamp.com][debug] New queue created #8, attributes values: {&quot;server_id&quot;:null,&quot;object_id&quot;:&quot;118&quot;,&quot;object_name&quot;:&quot;&quot;,&quot;item_type&quot;:&quot;attachment&quot;,&quot;item_hash&quot;:null,&quot;item_hash_alternative&quot;:null,&quot;result_status&quot;:&quot;success&quot;,&quot;processing_level&quot;:&quot;normal&quot;,&quot;is_backed_up&quot;:true,&quot;original_size&quot;:312100,&quot;final_size&quot;:152651,&quot;original_mime_type&quot;:&quot;image\/jpeg&quot;,&quot;final_mime_type&quot;:&quot;image\/jpeg&quot;,&quot;extra_data&quot;:&quot;{\&quot;thumbnails_count\&quot;:2,\&quot;original_main_size\&quot;:295604,\&quot;class\&quot;:\&quot;RIO_Attachment_Extra_Data\&quot;}&quot;,&quot;created_at&quot;:1661077418}
21-08-2022 10:23:38 [kveljkovic.wppsbootcamp.com][info] End bulk optimization process! Scope: media-library. Remain: 13
-------------------------------
21-08-2022 10:23:38 [kveljkovic.wppsbootcamp.com][info] Start bulk optimization process! Scope: media-library
21-08-2022 10:23:38 [kveljkovic.wppsbootcamp.com][info] Preparing to upload a file (/home/kveljkovic/public_html/portfolio/wp-content/uploads/2022/08/wasa-crispbread-LBl3Csr96YI-unsplash-scaled.jpg) to a remote server (server_1).
21-08-2022 10:23:39 [kveljkovic.wppsbootcamp.com][info] File successfully uploaded to remote server (server_1).
21-08-2022 10:23:39 [kveljkovic.wppsbootcamp.com][info] Preparing to upload a file (/home/kveljkovic/public_html/portfolio/wp-content/uploads/2022/08/wasa-crispbread-LBl3Csr96YI-unsplash-150x150.jpg) to a remote server (server_1).
21-08-2022 10:23:39 [kveljkovic.wppsbootcamp.com][info] File successfully uploaded to remote server (server_1).
21-08-2022 10:23:39 [kveljkovic.wppsbootcamp.com][info] Preparing to upload a file (/home/kveljkovic/public_html/portfolio/wp-content/uploads/2022/08/wasa-crispbread-LBl3Csr96YI-unsplash-300x200.jpg) to a remote server (server_1).
21-08-2022 10:23:39 [kveljkovic.wppsbootcamp.com][info] File successfully uploaded to remote server (server_1).
21-08-2022 10:23:39 [kveljkovic.wppsbootcamp.com][debug] New queue created #9, attributes values: {&quot;server_id&quot;:null,&quot;object_id&quot;:&quot;120&quot;,&quot;object_name&quot;:&quot;&quot;,&quot;item_type&quot;:&quot;attachment&quot;,&quot;item_hash&quot;:null,&quot;item_hash_alternative&quot;:null,&quot;result_status&quot;:&quot;success&quot;,&quot;processing_level&quot;:&quot;normal&quot;,&quot;is_backed_up&quot;:true,&quot;original_size&quot;:666124,&quot;final_size&quot;:301811,&quot;original_mime_type&quot;:&quot;image\/jpeg&quot;,&quot;final_mime_type&quot;:&quot;image\/jpeg&quot;,&quot;extra_data&quot;:&quot;{\&quot;thumbnails_count\&quot;:2,\&quot;original_main_size\&quot;:639054,\&quot;class\&quot;:\&quot;RIO_Attachment_Extra_Data\&quot;}&quot;,&quot;created_at&quot;:1661077419}
21-08-2022 10:23:39 [kveljkovic.wppsbootcamp.com][info] End bulk optimization process! Scope: media-library. Remain: 12
-------------------------------
21-08-2022 10:23:39 [kveljkovic.wppsbootcamp.com][info] Start bulk optimization process! Scope: media-library
21-08-2022 10:23:40 [kveljkovic.wppsbootcamp.com][info] Preparing to upload a file (/home/kveljkovic/public_html/portfolio/wp-content/uploads/2022/08/andres-molina-x3Ll-Q2Svps-unsplash-scaled.jpg) to a remote server (server_1).
21-08-2022 10:23:40 [kveljkovic.wppsbootcamp.com][info] File successfully uploaded to remote server (server_1).
21-08-2022 10:23:40 [kveljkovic.wppsbootcamp.com][info] Preparing to upload a file (/home/kveljkovic/public_html/portfolio/wp-content/uploads/2022/08/andres-molina-x3Ll-Q2Svps-unsplash-150x150.jpg) to a remote server (server_1).
21-08-2022 10:23:40 [kveljkovic.wppsbootcamp.com][info] File successfully uploaded to remote server (server_1).
21-08-2022 10:23:40 [kveljkovic.wppsbootcamp.com][info] Preparing to upload a file (/home/kveljkovic/public_html/portfolio/wp-content/uploads/2022/08/andres-molina-x3Ll-Q2Svps-unsplash-200x300.jpg) to a remote server (server_1).
21-08-2022 10:23:40 [kveljkovic.wppsbootcamp.com][info] File successfully uploaded to remote server (server_1).
21-08-2022 10:23:40 [kveljkovic.wppsbootcamp.com][debug] New queue created #10, attributes values: {&quot;server_id&quot;:null,&quot;object_id&quot;:&quot;123&quot;,&quot;object_name&quot;:&quot;&quot;,&quot;item_type&quot;:&quot;attachment&quot;,&quot;item_hash&quot;:null,&quot;item_hash_alternative&quot;:null,&quot;result_status&quot;:&quot;success&quot;,&quot;processing_level&quot;:&quot;normal&quot;,&quot;is_backed_up&quot;:true,&quot;original_size&quot;:636863,&quot;final_size&quot;:267305,&quot;original_mime_type&quot;:&quot;image\/jpeg&quot;,&quot;final_mime_type&quot;:&quot;image\/jpeg&quot;,&quot;extra_data&quot;:&quot;{\&quot;thumbnails_count\&quot;:2,\&quot;original_main_size\&quot;:619817,\&quot;class\&quot;:\&quot;RIO_Attachment_Extra_Data\&quot;}&quot;,&quot;created_at&quot;:1661077420}
21-08-2022 10:23:40 [kveljkovic.wppsbootcamp.com][info] End bulk optimization process! Scope: media-library. Remain: 11
-------------------------------
21-08-2022 10:23:41 [kveljkovic.wppsbootcamp.com][info] Start bulk optimization process! Scope: media-library
21-08-2022 10:23:41 [kveljkovic.wppsbootcamp.com][info] Preparing to upload a file (/home/kveljkovic/public_html/portfolio/wp-content/uploads/2022/08/2h-media-MOCpD78SHW0-unsplash-scaled.jpg) to a remote server (server_1).
21-08-2022 10:23:41 [kveljkovic.wppsbootcamp.com][info] File successfully uploaded to remote server (server_1).
21-08-2022 10:23:41 [kveljkovic.wppsbootcamp.com][info] Preparing to upload a file (/home/kveljkovic/public_html/portfolio/wp-content/uploads/2022/08/2h-media-MOCpD78SHW0-unsplash-150x150.jpg) to a remote server (server_1).
21-08-2022 10:23:41 [kveljkovic.wppsbootcamp.com][info] File successfully uploaded to remote server (server_1).
21-08-2022 10:23:42 [kveljkovic.wppsbootcamp.com][info] Preparing to upload a file (/home/kveljkovic/public_html/portfolio/wp-content/uploads/2022/08/2h-media-MOCpD78SHW0-unsplash-214x300.jpg) to a remote server (server_1).
21-08-2022 10:23:42 [kveljkovic.wppsbootcamp.com][info] File successfully uploaded to remote server (server_1).
21-08-2022 10:23:42 [kveljkovic.wppsbootcamp.com][debug] New queue created #11, attributes values: {&quot;server_id&quot;:null,&quot;object_id&quot;:&quot;124&quot;,&quot;object_name&quot;:&quot;&quot;,&quot;item_type&quot;:&quot;attachment&quot;,&quot;item_hash&quot;:null,&quot;item_hash_alternative&quot;:null,&quot;result_status&quot;:&quot;success&quot;,&quot;processing_level&quot;:&quot;normal&quot;,&quot;is_backed_up&quot;:true,&quot;original_size&quot;:468327,&quot;final_size&quot;:254817,&quot;original_mime_type&quot;:&quot;image\/jpeg&quot;,&quot;final_mime_type&quot;:&quot;image\/jpeg&quot;,&quot;extra_data&quot;:&quot;{\&quot;thumbnails_count\&quot;:2,\&quot;original_main_size\&quot;:444368,\&quot;class\&quot;:\&quot;RIO_Attachment_Extra_Data\&quot;}&quot;,&quot;created_at&quot;:1661077422}
21-08-2022 10:23:42 [kveljkovic.wppsbootcamp.com][info] End bulk optimization process! Scope: media-library. Remain: 10
-------------------------------
21-08-2022 10:23:42 [kveljkovic.wppsbootcamp.com][info] Start bulk optimization process! Scope: media-library
21-08-2022 10:23:42 [kveljkovic.wppsbootcamp.com][info] Preparing to upload a file (/home/kveljkovic/public_html/portfolio/wp-content/uploads/2022/08/2h-media-y6CkJowOCvc-unsplash-scaled.jpg) to a remote server (server_1).
21-08-2022 10:23:42 [kveljkovic.wppsbootcamp.com][info] File successfully uploaded to remote server (server_1).
21-08-2022 10:23:42 [kveljkovic.wppsbootcamp.com][info] Preparing to upload a file (/home/kveljkovic/public_html/portfolio/wp-content/uploads/2022/08/2h-media-y6CkJowOCvc-unsplash-150x150.jpg) to a remote server (server_1).
21-08-2022 10:23:43 [kveljkovic.wppsbootcamp.com][info] Preparing to upload a file (/home/kveljkovic/public_html/portfolio/wp-content/uploads/2022/08/2h-media-y6CkJowOCvc-unsplash-300x169.jpg) to a remote server (server_1).
21-08-2022 10:23:43 [kveljkovic.wppsbootcamp.com][info] File successfully uploaded to remote server (server_1).
21-08-2022 10:23:43 [kveljkovic.wppsbootcamp.com][debug] New queue created #12, attributes values: {&quot;server_id&quot;:null,&quot;object_id&quot;:&quot;125&quot;,&quot;object_name&quot;:&quot;&quot;,&quot;item_type&quot;:&quot;attachment&quot;,&quot;item_hash&quot;:null,&quot;item_hash_alternative&quot;:null,&quot;result_status&quot;:&quot;success&quot;,&quot;processing_level&quot;:&quot;normal&quot;,&quot;is_backed_up&quot;:true,&quot;original_size&quot;:461424,&quot;final_size&quot;:206427,&quot;original_mime_type&quot;:&quot;image\/jpeg&quot;,&quot;final_mime_type&quot;:&quot;image\/jpeg&quot;,&quot;extra_data&quot;:&quot;{\&quot;thumbnails_count\&quot;:1,\&quot;original_main_size\&quot;:449576,\&quot;class\&quot;:\&quot;RIO_Attachment_Extra_Data\&quot;}&quot;,&quot;created_at&quot;:1661077423}
21-08-2022 10:23:43 [kveljkovic.wppsbootcamp.com][info] End bulk optimization process! Scope: media-library. Remain: 9
-------------------------------
21-08-2022 10:23:43 [kveljkovic.wppsbootcamp.com][info] Start bulk optimization process! Scope: media-library
21-08-2022 10:23:43 [kveljkovic.wppsbootcamp.com][info] Preparing to upload a file (/home/kveljkovic/public_html/portfolio/wp-content/uploads/2022/08/Screenshot_trpkovic.png) to a remote server (server_1).
21-08-2022 10:23:45 [kveljkovic.wppsbootcamp.com][info] File successfully uploaded to remote server (server_1).
21-08-2022 10:23:45 [kveljkovic.wppsbootcamp.com][info] Preparing to upload a file (/home/kveljkovic/public_html/portfolio/wp-content/uploads/2022/08/Screenshot_trpkovic-150x150.png) to a remote server (server_1).
21-08-2022 10:23:45 [kveljkovic.wppsbootcamp.com][info] File successfully uploaded to remote server (server_1).
21-08-2022 10:23:45 [kveljkovic.wppsbootcamp.com][info] Preparing to upload a file (/home/kveljkovic/public_html/portfolio/wp-content/uploads/2022/08/Screenshot_trpkovic-300x189.png) to a remote server (server_1).
21-08-2022 10:23:45 [kveljkovic.wppsbootcamp.com][info] File successfully uploaded to remote server (server_1).
21-08-2022 10:23:45 [kveljkovic.wppsbootcamp.com][debug] New queue created #13, attributes values: {&quot;server_id&quot;:null,&quot;object_id&quot;:&quot;537&quot;,&quot;object_name&quot;:&quot;&quot;,&quot;item_type&quot;:&quot;attachment&quot;,&quot;item_hash&quot;:null,&quot;item_hash_alternative&quot;:null,&quot;result_status&quot;:&quot;success&quot;,&quot;processing_level&quot;:&quot;normal&quot;,&quot;is_backed_up&quot;:true,&quot;original_size&quot;:1597606,&quot;final_size&quot;:406664,&quot;original_mime_type&quot;:&quot;image\/png&quot;,&quot;final_mime_type&quot;:&quot;image\/png&quot;,&quot;extra_data&quot;:&quot;{\&quot;thumbnails_count\&quot;:2,\&quot;original_main_size\&quot;:1473263,\&quot;class\&quot;:\&quot;RIO_Attachment_Extra_Data\&quot;}&quot;,&quot;created_at&quot;:1661077425}
21-08-2022 10:23:45 [kveljkovic.wppsbootcamp.com][info] End bulk optimization process! Scope: media-library. Remain: 8
-------------------------------
21-08-2022 10:23:46 [kveljkovic.wppsbootcamp.com][info] Start bulk optimization process! Scope: media-library
21-08-2022 10:23:46 [kveljkovic.wppsbootcamp.com][info] Preparing to upload a file (/home/kveljkovic/public_html/portfolio/wp-content/uploads/2022/08/Screenshot_digitel.png) to a remote server (server_1).
21-08-2022 10:23:47 [kveljkovic.wppsbootcamp.com][info] File successfully uploaded to remote server (server_1).
21-08-2022 10:23:47 [kveljkovic.wppsbootcamp.com][info] Preparing to upload a file (/home/kveljkovic/public_html/portfolio/wp-content/uploads/2022/08/Screenshot_digitel-150x150.png) to a remote server (server_1).
21-08-2022 10:23:47 [kveljkovic.wppsbootcamp.com][info] File successfully uploaded to remote server (server_1).
21-08-2022 10:23:47 [kveljkovic.wppsbootcamp.com][info] Preparing to upload a file (/home/kveljkovic/public_html/portfolio/wp-content/uploads/2022/08/Screenshot_digitel-300x167.png) to a remote server (server_1).
21-08-2022 10:23:47 [kveljkovic.wppsbootcamp.com][info] File successfully uploaded to remote server (server_1).
21-08-2022 10:23:48 [kveljkovic.wppsbootcamp.com][debug] New queue created #14, attributes values: {&quot;server_id&quot;:null,&quot;object_id&quot;:&quot;538&quot;,&quot;object_name&quot;:&quot;&quot;,&quot;item_type&quot;:&quot;attachment&quot;,&quot;item_hash&quot;:null,&quot;item_hash_alternative&quot;:null,&quot;result_status&quot;:&quot;success&quot;,&quot;processing_level&quot;:&quot;normal&quot;,&quot;is_backed_up&quot;:true,&quot;original_size&quot;:1047528,&quot;final_size&quot;:273905,&quot;original_mime_type&quot;:&quot;image\/png&quot;,&quot;final_mime_type&quot;:&quot;image\/png&quot;,&quot;extra_data&quot;:&quot;{\&quot;thumbnails_count\&quot;:2,\&quot;original_main_size\&quot;:951447,\&quot;class\&quot;:\&quot;RIO_Attachment_Extra_Data\&quot;}&quot;,&quot;created_at&quot;:1661077428}
21-08-2022 10:23:48 [kveljkovic.wppsbootcamp.com][info] End bulk optimization process! Scope: media-library. Remain: 7
-------------------------------
21-08-2022 10:23:48 [kveljkovic.wppsbootcamp.com][info] Start bulk optimization process! Scope: media-library
21-08-2022 10:23:48 [kveljkovic.wppsbootcamp.com][info] Preparing to upload a file (/home/kveljkovic/public_html/portfolio/wp-content/uploads/2022/08/henry-co-odUkx8C2gg-unsplash-scaled.jpg) to a remote server (server_1).
21-08-2022 10:23:48 [kveljkovic.wppsbootcamp.com][info] File successfully uploaded to remote server (server_1).
21-08-2022 10:23:48 [kveljkovic.wppsbootcamp.com][info] Preparing to upload a file (/home/kveljkovic/public_html/portfolio/wp-content/uploads/2022/08/henry-co-odUkx8C2gg-unsplash-150x150.jpg) to a remote server (server_1).
21-08-2022 10:23:49 [kveljkovic.wppsbootcamp.com][info] File successfully uploaded to remote server (server_1).
21-08-2022 10:23:49 [kveljkovic.wppsbootcamp.com][info] Preparing to upload a file (/home/kveljkovic/public_html/portfolio/wp-content/uploads/2022/08/henry-co-odUkx8C2gg-unsplash-200x300.jpg) to a remote server (server_1).
21-08-2022 10:23:49 [kveljkovic.wppsbootcamp.com][info] File successfully uploaded to remote server (server_1).
21-08-2022 10:23:49 [kveljkovic.wppsbootcamp.com][debug] New queue created #15, attributes values: {&quot;server_id&quot;:null,&quot;object_id&quot;:&quot;556&quot;,&quot;object_name&quot;:&quot;&quot;,&quot;item_type&quot;:&quot;attachment&quot;,&quot;item_hash&quot;:null,&quot;item_hash_alternative&quot;:null,&quot;result_status&quot;:&quot;success&quot;,&quot;processing_level&quot;:&quot;normal&quot;,&quot;is_backed_up&quot;:true,&quot;original_size&quot;:600210,&quot;final_size&quot;:277268,&quot;original_mime_type&quot;:&quot;image\/jpeg&quot;,&quot;final_mime_type&quot;:&quot;image\/jpeg&quot;,&quot;extra_data&quot;:&quot;{\&quot;thumbnails_count\&quot;:2,\&quot;original_main_size\&quot;:587131,\&quot;class\&quot;:\&quot;RIO_Attachment_Extra_Data\&quot;}&quot;,&quot;created_at&quot;:1661077429}
21-08-2022 10:23:49 [kveljkovic.wppsbootcamp.com][info] End bulk optimization process! Scope: media-library. Remain: 6
-------------------------------
21-08-2022 10:23:49 [kveljkovic.wppsbootcamp.com][info] Start bulk optimization process! Scope: media-library
21-08-2022 10:23:49 [kveljkovic.wppsbootcamp.com][info] Preparing to upload a file (/home/kveljkovic/public_html/portfolio/wp-content/uploads/2022/08/sina-bahar-uk7bK0ayLFI-unsplash-scaled.jpg) to a remote server (server_1).
21-08-2022 10:23:49 [kveljkovic.wppsbootcamp.com][info] File successfully uploaded to remote server (server_1).
21-08-2022 10:23:49 [kveljkovic.wppsbootcamp.com][info] Preparing to upload a file (/home/kveljkovic/public_html/portfolio/wp-content/uploads/2022/08/sina-bahar-uk7bK0ayLFI-unsplash-150x150.jpg) to a remote server (server_1).
21-08-2022 10:23:49 [kveljkovic.wppsbootcamp.com][info] File successfully uploaded to remote server (server_1).
21-08-2022 10:23:49 [kveljkovic.wppsbootcamp.com][info] Preparing to upload a file (/home/kveljkovic/public_html/portfolio/wp-content/uploads/2022/08/sina-bahar-uk7bK0ayLFI-unsplash-200x300.jpg) to a remote server (server_1).
21-08-2022 10:23:50 [kveljkovic.wppsbootcamp.com][info] File successfully uploaded to remote server (server_1).
21-08-2022 10:23:50 [kveljkovic.wppsbootcamp.com][debug] New queue created #16, attributes values: {&quot;server_id&quot;:null,&quot;object_id&quot;:&quot;557&quot;,&quot;object_name&quot;:&quot;&quot;,&quot;item_type&quot;:&quot;attachment&quot;,&quot;item_hash&quot;:null,&quot;item_hash_alternative&quot;:null,&quot;result_status&quot;:&quot;success&quot;,&quot;processing_level&quot;:&quot;normal&quot;,&quot;is_backed_up&quot;:true,&quot;original_size&quot;:291793,&quot;final_size&quot;:172361,&quot;original_mime_type&quot;:&quot;image\/jpeg&quot;,&quot;final_mime_type&quot;:&quot;image\/jpeg&quot;,&quot;extra_data&quot;:&quot;{\&quot;thumbnails_count\&quot;:2,\&quot;original_main_size\&quot;:266917,\&quot;class\&quot;:\&quot;RIO_Attachment_Extra_Data\&quot;}&quot;,&quot;created_at&quot;:1661077430}
21-08-2022 10:23:50 [kveljkovic.wppsbootcamp.com][info] End bulk optimization process! Scope: media-library. Remain: 5
-------------------------------
21-08-2022 10:23:50 [kveljkovic.wppsbootcamp.com][info] Start bulk optimization process! Scope: media-library
21-08-2022 10:23:50 [kveljkovic.wppsbootcamp.com][info] Preparing to upload a file (/home/kveljkovic/public_html/portfolio/wp-content/uploads/2022/08/alexander-grey-NkQD-RHhbvY-unsplash-scaled.jpg) to a remote server (server_1).
21-08-2022 10:23:50 [kveljkovic.wppsbootcamp.com][info] File successfully uploaded to remote server (server_1).
21-08-2022 10:23:50 [kveljkovic.wppsbootcamp.com][info] Preparing to upload a file (/home/kveljkovic/public_html/portfolio/wp-content/uploads/2022/08/alexander-grey-NkQD-RHhbvY-unsplash-150x150.jpg) to a remote server (server_1).
21-08-2022 10:23:51 [kveljkovic.wppsbootcamp.com][info] File successfully uploaded to remote server (server_1).
21-08-2022 10:23:51 [kveljkovic.wppsbootcamp.com][info] Preparing to upload a file (/home/kveljkovic/public_html/portfolio/wp-content/uploads/2022/08/alexander-grey-NkQD-RHhbvY-unsplash-200x300.jpg) to a remote server (server_1).
21-08-2022 10:23:51 [kveljkovic.wppsbootcamp.com][info] File successfully uploaded to remote server (server_1).
21-08-2022 10:23:51 [kveljkovic.wppsbootcamp.com][debug] New queue created #17, attributes values: {&quot;server_id&quot;:null,&quot;object_id&quot;:&quot;558&quot;,&quot;object_name&quot;:&quot;&quot;,&quot;item_type&quot;:&quot;attachment&quot;,&quot;item_hash&quot;:null,&quot;item_hash_alternative&quot;:null,&quot;result_status&quot;:&quot;success&quot;,&quot;processing_level&quot;:&quot;normal&quot;,&quot;is_backed_up&quot;:true,&quot;original_size&quot;:95891,&quot;final_size&quot;:55942,&quot;original_mime_type&quot;:&quot;image\/jpeg&quot;,&quot;final_mime_type&quot;:&quot;image\/jpeg&quot;,&quot;extra_data&quot;:&quot;{\&quot;thumbnails_count\&quot;:2,\&quot;original_main_size\&quot;:88148,\&quot;class\&quot;:\&quot;RIO_Attachment_Extra_Data\&quot;}&quot;,&quot;created_at&quot;:1661077431}
21-08-2022 10:23:51 [kveljkovic.wppsbootcamp.com][info] End bulk optimization process! Scope: media-library. Remain: 4
-------------------------------
21-08-2022 10:23:51 [kveljkovic.wppsbootcamp.com][info] Start bulk optimization process! Scope: media-library
21-08-2022 10:23:51 [kveljkovic.wppsbootcamp.com][info] Preparing to upload a file (/home/kveljkovic/public_html/portfolio/wp-content/uploads/2022/08/pozadina-sekcije-123-scaled.jpg) to a remote server (server_1).
21-08-2022 10:23:51 [kveljkovic.wppsbootcamp.com][info] File successfully uploaded to remote server (server_1).
21-08-2022 10:23:51 [kveljkovic.wppsbootcamp.com][info] Preparing to upload a file (/home/kveljkovic/public_html/portfolio/wp-content/uploads/2022/08/pozadina-sekcije-123-150x150.jpg) to a remote server (server_1).
21-08-2022 10:23:51 [kveljkovic.wppsbootcamp.com][info] File successfully uploaded to remote server (server_1).
21-08-2022 10:23:51 [kveljkovic.wppsbootcamp.com][info] Preparing to upload a file (/home/kveljkovic/public_html/portfolio/wp-content/uploads/2022/08/pozadina-sekcije-123-300x200.jpg) to a remote server (server_1).
21-08-2022 10:23:52 [kveljkovic.wppsbootcamp.com][info] File successfully uploaded to remote server (server_1).
21-08-2022 10:23:52 [kveljkovic.wppsbootcamp.com][debug] New queue created #18, attributes values: {&quot;server_id&quot;:null,&quot;object_id&quot;:&quot;765&quot;,&quot;object_name&quot;:&quot;&quot;,&quot;item_type&quot;:&quot;attachment&quot;,&quot;item_hash&quot;:null,&quot;item_hash_alternative&quot;:null,&quot;result_status&quot;:&quot;success&quot;,&quot;processing_level&quot;:&quot;normal&quot;,&quot;is_backed_up&quot;:true,&quot;original_size&quot;:80493,&quot;final_size&quot;:60355,&quot;original_mime_type&quot;:&quot;image\/jpeg&quot;,&quot;final_mime_type&quot;:&quot;image\/jpeg&quot;,&quot;extra_data&quot;:&quot;{\&quot;thumbnails_count\&quot;:2,\&quot;original_main_size\&quot;:75518,\&quot;class\&quot;:\&quot;RIO_Attachment_Extra_Data\&quot;}&quot;,&quot;created_at&quot;:1661077432}
21-08-2022 10:23:52 [kveljkovic.wppsbootcamp.com][info] End bulk optimization process! Scope: media-library. Remain: 3
-------------------------------
21-08-2022 10:23:52 [kveljkovic.wppsbootcamp.com][info] Start bulk optimization process! Scope: media-library
21-08-2022 10:23:52 [kveljkovic.wppsbootcamp.com][info] Preparing to upload a file (/home/kveljkovic/public_html/portfolio/wp-content/uploads/2022/08/jean-philippe-delberghe-75xPHEQBmvA-unsplash-scaled.jpg) to a remote server (server_1).
21-08-2022 10:23:52 [kveljkovic.wppsbootcamp.com][info] File successfully uploaded to remote server (server_1).
21-08-2022 10:23:52 [kveljkovic.wppsbootcamp.com][info] Preparing to upload a file (/home/kveljkovic/public_html/portfolio/wp-content/uploads/2022/08/jean-philippe-delberghe-75xPHEQBmvA-unsplash-150x150.jpg) to a remote server (server_1).
21-08-2022 10:23:53 [kveljkovic.wppsbootcamp.com][info] File successfully uploaded to remote server (server_1).
21-08-2022 10:23:53 [kveljkovic.wppsbootcamp.com][info] Preparing to upload a file (/home/kveljkovic/public_html/portfolio/wp-content/uploads/2022/08/jean-philippe-delberghe-75xPHEQBmvA-unsplash-200x300.jpg) to a remote server (server_1).
21-08-2022 10:23:53 [kveljkovic.wppsbootcamp.com][info] File successfully uploaded to remote server (server_1).
21-08-2022 10:23:53 [kveljkovic.wppsbootcamp.com][debug] New queue created #19, attributes values: {&quot;server_id&quot;:null,&quot;object_id&quot;:&quot;766&quot;,&quot;object_name&quot;:&quot;&quot;,&quot;item_type&quot;:&quot;attachment&quot;,&quot;item_hash&quot;:null,&quot;item_hash_alternative&quot;:null,&quot;result_status&quot;:&quot;success&quot;,&quot;processing_level&quot;:&quot;normal&quot;,&quot;is_backed_up&quot;:true,&quot;original_size&quot;:138113,&quot;final_size&quot;:80815,&quot;original_mime_type&quot;:&quot;image\/jpeg&quot;,&quot;final_mime_type&quot;:&quot;image\/jpeg&quot;,&quot;extra_data&quot;:&quot;{\&quot;thumbnails_count\&quot;:2,\&quot;original_main_size\&quot;:129097,\&quot;class\&quot;:\&quot;RIO_Attachment_Extra_Data\&quot;}&quot;,&quot;created_at&quot;:1661077433}
21-08-2022 10:23:53 [kveljkovic.wppsbootcamp.com][info] End bulk optimization process! Scope: media-library. Remain: 2
-------------------------------
21-08-2022 10:23:53 [kveljkovic.wppsbootcamp.com][info] Start bulk optimization process! Scope: media-library
21-08-2022 10:23:53 [kveljkovic.wppsbootcamp.com][info] Preparing to upload a file (/home/kveljkovic/public_html/portfolio/wp-content/uploads/2022/08/sekcije-rouge-scaled.jpg) to a remote server (server_1).
21-08-2022 10:23:53 [kveljkovic.wppsbootcamp.com][info] File successfully uploaded to remote server (server_1).
21-08-2022 10:23:53 [kveljkovic.wppsbootcamp.com][info] Preparing to upload a file (/home/kveljkovic/public_html/portfolio/wp-content/uploads/2022/08/sekcije-rouge-150x150.jpg) to a remote server (server_1).
21-08-2022 10:23:54 [kveljkovic.wppsbootcamp.com][info] File successfully uploaded to remote server (server_1).
21-08-2022 10:23:54 [kveljkovic.wppsbootcamp.com][info] Preparing to upload a file (/home/kveljkovic/public_html/portfolio/wp-content/uploads/2022/08/sekcije-rouge-300x200.jpg) to a remote server (server_1).
21-08-2022 10:23:54 [kveljkovic.wppsbootcamp.com][info] File successfully uploaded to remote server (server_1).
21-08-2022 10:23:54 [kveljkovic.wppsbootcamp.com][debug] New queue created #20, attributes values: {&quot;server_id&quot;:null,&quot;object_id&quot;:&quot;770&quot;,&quot;object_name&quot;:&quot;&quot;,&quot;item_type&quot;:&quot;attachment&quot;,&quot;item_hash&quot;:null,&quot;item_hash_alternative&quot;:null,&quot;result_status&quot;:&quot;success&quot;,&quot;processing_level&quot;:&quot;normal&quot;,&quot;is_backed_up&quot;:true,&quot;original_size&quot;:94427,&quot;final_size&quot;:57579,&quot;original_mime_type&quot;:&quot;image\/jpeg&quot;,&quot;final_mime_type&quot;:&quot;image\/jpeg&quot;,&quot;extra_data&quot;:&quot;{\&quot;thumbnails_count\&quot;:2,\&quot;original_main_size\&quot;:88800,\&quot;class\&quot;:\&quot;RIO_Attachment_Extra_Data\&quot;}&quot;,&quot;created_at&quot;:1661077434}
21-08-2022 10:23:54 [kveljkovic.wppsbootcamp.com][info] End bulk optimization process! Scope: media-library. Remain: 1
-------------------------------
21-08-2022 10:23:54 [kveljkovic.wppsbootcamp.com][info] Start bulk optimization process! Scope: media-library
21-08-2022 10:23:54 [kveljkovic.wppsbootcamp.com][info] Preparing to upload a file (/home/kveljkovic/public_html/portfolio/wp-content/uploads/2022/08/sekcije-original-scaled.jpg) to a remote server (server_1).
21-08-2022 10:23:54 [kveljkovic.wppsbootcamp.com][info] File successfully uploaded to remote server (server_1).
21-08-2022 10:23:54 [kveljkovic.wppsbootcamp.com][info] Preparing to upload a file (/home/kveljkovic/public_html/portfolio/wp-content/uploads/2022/08/sekcije-original-150x150.jpg) to a remote server (server_1).
21-08-2022 10:23:55 [kveljkovic.wppsbootcamp.com][info] File successfully uploaded to remote server (server_1).
21-08-2022 10:23:55 [kveljkovic.wppsbootcamp.com][info] Preparing to upload a file (/home/kveljkovic/public_html/portfolio/wp-content/uploads/2022/08/sekcije-original-300x200.jpg) to a remote server (server_1).
21-08-2022 10:23:55 [kveljkovic.wppsbootcamp.com][debug] New queue created #21, attributes values: {&quot;server_id&quot;:null,&quot;object_id&quot;:&quot;771&quot;,&quot;object_name&quot;:&quot;&quot;,&quot;item_type&quot;:&quot;attachment&quot;,&quot;item_hash&quot;:null,&quot;item_hash_alternative&quot;:null,&quot;result_status&quot;:&quot;success&quot;,&quot;processing_level&quot;:&quot;normal&quot;,&quot;is_backed_up&quot;:true,&quot;original_size&quot;:125661,&quot;final_size&quot;:73704,&quot;original_mime_type&quot;:&quot;image\/jpeg&quot;,&quot;final_mime_type&quot;:&quot;image\/jpeg&quot;,&quot;extra_data&quot;:&quot;{\&quot;thumbnails_count\&quot;:1,\&quot;original_main_size\&quot;:123061,\&quot;class\&quot;:\&quot;RIO_Attachment_Extra_Data\&quot;}&quot;,&quot;created_at&quot;:1661077435}
21-08-2022 10:23:55 [kveljkovic.wppsbootcamp.com][info] End bulk optimization process! Scope: media-library. Remain: 0
-------------------------------
21-08-2022 10:24:28 [kveljkovic.wppsbootcamp.com][info] Parent plugin start deactivation!
21-08-2022 10:24:28 [kveljkovic.wppsbootcamp.com][info] Parent plugin deactivation complete!
-------------------------------